[0.008s] Invoking command in '/home/rim/robot_ws/build/robot_bringup': CMAKE_PREFIX_PATH=/opt/ros/humble /usr/bin/cmake --build /home/rim/robot_ws/build/robot_bringup -- -j28 -l28
[0.047s] Invoked command in '/home/rim/robot_ws/build/robot_bringup' returned '0': CMAKE_PREFIX_PATH=/opt/ros/humble /usr/bin/cmake --build /home/rim/robot_ws/build/robot_bringup -- -j28 -l28
[0.059s] Invoking command in '/home/rim/robot_ws/build/robot_bringup': CMAKE_PREFIX_PATH=/opt/ros/humble /usr/bin/cmake --install /home/rim/robot_ws/build/robot_bringup
[0.068s] -- Install configuration: ""
[0.068s] -- Up-to-date: /home/rim/robot_ws/install/robot_bringup/share/robot_bringup/launch
[0.068s] -- Installing: /home/rim/robot_ws/install/robot_bringup/share/robot_bringup/launch/robot.launch.py
[0.068s] -- Up-to-date: /home/rim/robot_ws/install/robot_bringup/share/robot_bringup/config
[0.069s] -- Installing: /home/rim/robot_ws/install/robot_bringup/share/robot_bringup/config/our_mppi_params.yaml
[0.069s] -- Up-to-date: /home/rim/robot_ws/install/robot_bringup/share/robot_bringup/config/ekf_params.yaml
[0.069s] -- Up-to-date: /home/rim/robot_ws/install/robot_bringup/share/ament_index/resource_index/package_run_dependencies/robot_bringup
[0.069s] -- Up-to-date: /home/rim/robot_ws/install/robot_bringup/share/ament_index/resource_index/parent_prefix_path/robot_bringup
[0.069s] -- Up-to-date: /home/rim/robot_ws/install/robot_bringup/share/robot_bringup/environment/ament_prefix_path.sh
[0.069s] -- Up-to-date: /home/rim/robot_ws/install/robot_bringup/share/robot_bringup/environment/ament_prefix_path.dsv
[0.069s] -- Up-to-date: /home/rim/robot_ws/install/robot_bringup/share/robot_bringup/environment/path.sh
[0.069s] -- Up-to-date: /home/rim/robot_ws/install/robot_bringup/share/robot_bringup/environment/path.dsv
[0.069s] -- Up-to-date: /home/rim/robot_ws/install/robot_bringup/share/robot_bringup/local_setup.bash
[0.070s] -- Up-to-date: /home/rim/robot_ws/install/robot_bringup/share/robot_bringup/local_setup.sh
[0.070s] -- Up-to-date: /home/rim/robot_ws/install/robot_bringup/share/robot_bringup/local_setup.zsh
[0.070s] -- Up-to-date: /home/rim/robot_ws/install/robot_bringup/share/robot_bringup/local_setup.dsv
[0.070s] -- Up-to-date: /home/rim/robot_ws/install/robot_bringup/share/robot_bringup/package.dsv
[0.070s] -- Up-to-date: /home/rim/robot_ws/install/robot_bringup/share/ament_index/resource_index/packages/robot_bringup
[0.070s] -- Up-to-date: /home/rim/robot_ws/install/robot_bringup/share/robot_bringup/cmake/robot_bringupConfig.cmake
[0.070s] -- Up-to-date: /home/rim/robot_ws/install/robot_bringup/share/robot_bringup/cmake/robot_bringupConfig-version.cmake
[0.070s] -- Up-to-date: /home/rim/robot_ws/install/robot_bringup/share/robot_bringup/package.xml
[0.072s] Invoked command in '/home/rim/robot_ws/build/robot_bringup' returned '0': CMAKE_PREFIX_PATH=/opt/ros/humble /usr/bin/cmake --install /home/rim/robot_ws/build/robot_bringup
