[0.007s] Invoking command in '/home/rim/robot_ws/build/robot_bringup': CMAKE_PREFIX_PATH=${CMAKE_PREFIX_PATH}:/opt/ros/humble /usr/bin/cmake /home/rim/robot_ws/src/robot_bringup -DCMAKE_INSTALL_PREFIX=/home/rim/robot_ws/install/robot_bringup
[0.061s] -- The C compiler identification is GNU 12.3.0
[0.110s] -- The CXX compiler identification is GNU 11.4.0
[0.119s] -- Detecting C compiler ABI info
[0.199s] -- Detecting C compiler ABI info - done
[0.205s] -- Check for working C compiler: /usr/bin/cc - skipped
[0.205s] -- Detecting C compile features
[0.205s] -- Detecting C compile features - done
[0.209s] -- Detecting CXX compiler ABI info
[0.273s] -- Detecting CXX compiler ABI info - done
[0.280s] -- Check for working CXX compiler: /usr/bin/c++ - skipped
[0.280s] -- Detecting CXX compile features
[0.280s] -- Detecting CXX compile features - done
[0.282s] -- Found ament_cmake: 1.3.14 (/opt/ros/humble/share/ament_cmake/cmake)
[0.389s] -- Found Python3: /usr/bin/python3 (found version "3.10.12") found components: Interpreter 
[0.488s] -- Configuring done
[0.490s] -- Generating done
[0.490s] -- Build files have been written to: /home/rim/robot_ws/build/robot_bringup
[0.493s] Invoked command in '/home/rim/robot_ws/build/robot_bringup' returned '0': CMAKE_PREFIX_PATH=${CMAKE_PREFIX_PATH}:/opt/ros/humble /usr/bin/cmake /home/rim/robot_ws/src/robot_bringup -DCMAKE_INSTALL_PREFIX=/home/rim/robot_ws/install/robot_bringup
[0.495s] Invoking command in '/home/rim/robot_ws/build/robot_bringup': CMAKE_PREFIX_PATH=${CMAKE_PREFIX_PATH}:/opt/ros/humble /usr/bin/cmake --build /home/rim/robot_ws/build/robot_bringup -- -j28 -l28
[0.533s] Invoked command in '/home/rim/robot_ws/build/robot_bringup' returned '0': CMAKE_PREFIX_PATH=${CMAKE_PREFIX_PATH}:/opt/ros/humble /usr/bin/cmake --build /home/rim/robot_ws/build/robot_bringup -- -j28 -l28
[0.544s] Invoking command in '/home/rim/robot_ws/build/robot_bringup': CMAKE_PREFIX_PATH=${CMAKE_PREFIX_PATH}:/opt/ros/humble /usr/bin/cmake --install /home/rim/robot_ws/build/robot_bringup
[0.551s] -- Install configuration: ""
[0.551s] -- Installing: /home/rim/robot_ws/install/robot_bringup/share/robot_bringup/launch
[0.551s] -- Installing: /home/rim/robot_ws/install/robot_bringup/share/robot_bringup/launch/robot.launch.py
[0.551s] -- Installing: /home/rim/robot_ws/install/robot_bringup/share/robot_bringup/config
[0.551s] -- Installing: /home/rim/robot_ws/install/robot_bringup/share/robot_bringup/config/our_mppi_params.yaml
[0.552s] -- Installing: /home/rim/robot_ws/install/robot_bringup/share/robot_bringup/config/ekf_params.yaml
[0.552s] -- Installing: /home/rim/robot_ws/install/robot_bringup/share/ament_index/resource_index/package_run_dependencies/robot_bringup
[0.552s] -- Installing: /home/rim/robot_ws/install/robot_bringup/share/ament_index/resource_index/parent_prefix_path/robot_bringup
[0.552s] -- Installing: /home/rim/robot_ws/install/robot_bringup/share/robot_bringup/environment/ament_prefix_path.sh
[0.552s] -- Installing: /home/rim/robot_ws/install/robot_bringup/share/robot_bringup/environment/ament_prefix_path.dsv
[0.552s] -- Installing: /home/rim/robot_ws/install/robot_bringup/share/robot_bringup/environment/path.sh
[0.552s] -- Installing: /home/rim/robot_ws/install/robot_bringup/share/robot_bringup/environment/path.dsv
[0.552s] -- Installing: /home/rim/robot_ws/install/robot_bringup/share/robot_bringup/local_setup.bash
[0.552s] -- Installing: /home/rim/robot_ws/install/robot_bringup/share/robot_bringup/local_setup.sh
[0.552s] -- Installing: /home/rim/robot_ws/install/robot_bringup/share/robot_bringup/local_setup.zsh
[0.553s] -- Installing: /home/rim/robot_ws/install/robot_bringup/share/robot_bringup/local_setup.dsv
[0.553s] -- Installing: /home/rim/robot_ws/install/robot_bringup/share/robot_bringup/package.dsv
[0.553s] -- Installing: /home/rim/robot_ws/install/robot_bringup/share/ament_index/resource_index/packages/robot_bringup
[0.553s] -- Installing: /home/rim/robot_ws/install/robot_bringup/share/robot_bringup/cmake/robot_bringupConfig.cmake
[0.553s] -- Installing: /home/rim/robot_ws/install/robot_bringup/share/robot_bringup/cmake/robot_bringupConfig-version.cmake
[0.553s] -- Installing: /home/rim/robot_ws/install/robot_bringup/share/robot_bringup/package.xml
[0.555s] Invoked command in '/home/rim/robot_ws/build/robot_bringup' returned '0': CMAKE_PREFIX_PATH=${CMAKE_PREFIX_PATH}:/opt/ros/humble /usr/bin/cmake --install /home/rim/robot_ws/build/robot_bringup
